0 info it worked if it ends with ok
1 verbose cli [ '/Users/wose/.nvm/versions/node/v7.2.1/bin/node',
1 verbose cli   '/Users/wose/.nvm/versions/node/v7.2.1/bin/npm',
1 verbose cli   'run',
1 verbose cli   'devSetup' ]
2 info using npm@3.10.10
3 info using node@v7.2.1
4 verbose run-script [ 'predevSetup', 'devSetup', 'postdevSetup' ]
5 info lifecycle ng-wig@3.0.15~predevSetup: ng-wig@3.0.15
6 silly lifecycle ng-wig@3.0.15~predevSetup: no script for predevSetup, continuing
7 info lifecycle ng-wig@3.0.15~devSetup: ng-wig@3.0.15
8 verbose lifecycle ng-wig@3.0.15~devSetup: unsafe-perm in lifecycle true
9 verbose lifecycle ng-wig@3.0.15~devSetup: PATH: /Users/wose/.nvm/versions/node/v7.2.1/lib/node_modules/npm/bin/node-gyp-bin:/Users/wose/nodehaus/ngWig/node_modules/.bin:/Users/wose/.nvm/versions/node/v7.2.1/bin:/Library/Frameworks/Python.framework/Versions/3.5/bin:/usr/local/mysql/bin:/Applications/Hugin.app/Contents/MacOS/nona:/usr/local/bin:/usr/bin:/bin:/usr/sbin:/sbin:/opt/X11/bin
10 verbose lifecycle ng-wig@3.0.15~devSetup: CWD: /Users/wose/nodehaus/ngWig
11 silly lifecycle ng-wig@3.0.15~devSetup: Args: [ '-c', 'bower install && grunt install' ]
12 silly lifecycle ng-wig@3.0.15~devSetup: Returned: code: 1  signal: null
13 info lifecycle ng-wig@3.0.15~devSetup: Failed to exec devSetup script
14 verbose stack Error: ng-wig@3.0.15 devSetup: `bower install && grunt install`
14 verbose stack Exit status 1
14 verbose stack     at EventEmitter.<anonymous> (/Users/wose/.nvm/versions/node/v7.2.1/lib/node_modules/npm/lib/utils/lifecycle.js:255:16)
14 verbose stack     at emitTwo (events.js:106:13)
14 verbose stack     at EventEmitter.emit (events.js:191:7)
14 verbose stack     at ChildProcess.<anonymous> (/Users/wose/.nvm/versions/node/v7.2.1/lib/node_modules/npm/lib/utils/spawn.js:40:14)
14 verbose stack     at emitTwo (events.js:106:13)
14 verbose stack     at ChildProcess.emit (events.js:191:7)
14 verbose stack     at maybeClose (internal/child_process.js:885:16)
14 verbose stack     at Process.ChildProcess._handle.onexit (internal/child_process.js:226:5)
15 verbose pkgid ng-wig@3.0.15
16 verbose cwd /Users/wose/nodehaus/ngWig
17 error Darwin 16.4.0
18 error argv "/Users/wose/.nvm/versions/node/v7.2.1/bin/node" "/Users/wose/.nvm/versions/node/v7.2.1/bin/npm" "run" "devSetup"
19 error node v7.2.1
20 error npm  v3.10.10
21 error code ELIFECYCLE
22 error ng-wig@3.0.15 devSetup: `bower install && grunt install`
22 error Exit status 1
23 error Failed at the ng-wig@3.0.15 devSetup script 'bower install && grunt install'.
23 error Make sure you have the latest version of node.js and npm installed.
23 error If you do, this is most likely a problem with the ng-wig package,
23 error not with npm itself.
23 error Tell the author that this fails on your system:
23 error     bower install && grunt install
23 error You can get information on how to open an issue for this project with:
23 error     npm bugs ng-wig
23 error Or if that isn't available, you can get their info via:
23 error     npm owner ls ng-wig
23 error There is likely additional logging output above.
24 verbose exit [ 1, true ]
